Build Image Log ----------
ID:     image-mode-lbi
Image:  quay.io/kubealex/image-mode-lbi
Type:   qcow2
Folder: /Users/alerossi/gitrepos/kiosk-image-mode
----------
{
  "name": "image-mode-lbi-bootc-image-builder",
  "Image": "registry.redhat.io/rhel9/bootc-image-builder:9.7",
  "Tty": true,
  "HostConfig": {
    "Privileged": true,
    "SecurityOpt": [
      "label=type:unconfined_t"
    ],
    "Binds": [
      "/Users/alerossi/gitrepos/kiosk-image-mode:/output/",
      "/var/lib/containers/storage:/var/lib/containers/storage",
      "/Users/alerossi/gitrepos/kiosk-image-mode/config.toml:/config.toml:ro"
    ]
  },
  "Labels": {
    "bootc.image.builder": "true"
  },
  "Cmd": [
    "quay.io/kubealex/image-mode-lbi:latest",
    "--output",
    "/output/",
    "--local",
    "--progress",
    "verbose",
    "--type",
    "qcow2",
    "--target-arch",
    "arm64"
  ]
}
----------
podman \
run \
--rm \
--name \
image-mode-lbi-bootc-image-builder \
--tty \
--privileged \
--security-opt \
label=type:unconfined_t \
-v \
/Users/alerossi/gitrepos/kiosk-image-mode:/output/ \
-v \
/var/lib/containers/storage:/var/lib/containers/storage \
-v \
/Users/alerossi/gitrepos/kiosk-image-mode/config.toml:/config.toml:ro \
--label \
bootc.image.builder=true \
registry.redhat.io/rhel9/bootc-image-builder:9.7 \
quay.io/kubealex/image-mode-lbi:latest \
--output \
/output/ \
--local \
--progress \
verbose \
--type \
qcow2 \
--target-arch \
arm64
----------
WARNING: --local is now the default behavior, you can remove it from the command line
Manifest generation step
Generating manifest manifest-qcow2.json
Done generating manifest
Disk image building step
Building manifest-qcow2.json
starting -[0m[1mPipeline source org.osbuild.containers-storage: 37b48b33ee9b8461055125ed2f194ca569372b818720e7df0ecc4e3928a3db24[0m
Build
  root: <host>
[0m[1mPipeline build: 424dc8ca52a7581cc018c82fbbd5cb3a5d6b6081be181565a463ed072dc0931c[0m
Build
  root: <host>
  runner: org.osbuild.rhel82 (org.osbuild.rhel82)
[0m[1morg.osbuild.container-deploy: 1a07ffdf9f77abbe7861fadb2e590a6b995809581045f63c327f12e9c3f536b3[0m {
}
  "remove-signatures": true
Copying blob sha256:dae764e7011960f7067b1b29848443ad1ff9e6148665be1edcda3371884c8725
Copying blob sha256:3c5a352ecfc3385f2b3e0f52f11cce8d90f6efd5efe845d42b62ec88d0f94553
Copying blob sha256:e0f043d9e2a43e8159ed42ddef8e2e396f8c6c9eb0a1f9b59ac94a3e72f75c88
Copying blob sha256:3910299ee653c5fddeefe6012fdd667bd5daf732205b386cdf927478150384db
Copying blob sha256:972cec2223f3247dcbd538d7098a647c34dc6162b425c6fd498eeaa8e72b08db
Copying blob sha256:c9946aa15869eecb80dd9a4d7d27dac9cbc3462efb2b32cf2ca37a166570a0dd
Copying blob sha256:0ae26eb85048999cd7151494097a48fdc8086ebd2c26c0a619d5b48760f1bb3d
Copying blob sha256:1aa8d3ee3ff70285aa60b980a180b045455d5a8bdb4afffea7e46f67a7ba9cec
Copying blob sha256:d0b1a9354a02c4f342716d10995b1f5f85bd6180c1e29f53828aabca64ac5588
Copying blob sha256:e65b417b5d628bad45fbd61351722029089e1541da41256f7209947efe3b7a16
Copying blob sha256:b93337ee9e2c93ef5e3e465f4dddd95ed29f773b485afb9a775a058edc6fe70a
Copying blob sha256:74f209201934569699dd685a11783f67e812dbd96bc44ab4397fe367bb64341f
Copying blob sha256:fc168f56c63741066c526a36ce4db03f5c382eda7a48be4959bbcf1f880443af
Copying blob sha256:a385307b1c59fb332ded10a41eb19abae055a896cf31a444fab6968ec286a246
Copying blob sha256:4e8515b455298e80ce5e84bec3f8178fa351be91e208899a251653ee7f0ccade
Copying blob sha256:9c1884e7e89f642c7197943af93c3ed3658388f4d2ccf10cb45f271638bee46d
Copying blob sha256:a46bcf2361f1ecd314e4a47086721cc4bfd9980e7993d4644fdcfdc67a1af729
Copying blob sha256:3ad7de95ffa271c27e5cdfc8c41af92dd628b60c5ee5e809cc46cd7d728f62ce
Copying blob sha256:2b5437b8c0ace828d0a1ac2a8865f3712599283dbf98c7dbb068f815aabc2f95
Copying blob sha256:b2ee0f05d47809c4f12cae0e53eaf2fda48c325ef6b2a7101c1e30d22a41f6cc
Copying blob sha256:1c32cc70aceb1eacbea651d02a41acf64591a855a85b9dfd6ed11313f7f6406c
Copying blob sha256:1517c0379c2624fd3bcf1b2017d54092f4abbc606c083cee1a91e38d16051ec3
Copying blob sha256:4dffdf8773d6773419bd7b63f234f2295ced7e3d5e5d9878f05c6c56b9675949
Copying blob sha256:064df549334b6fd556aaf366d1ac769849f1bb2506ffebb89ebeda4c193802b7
Copying blob sha256:88a6986f516ca6d220e65b66c8a1622ce4b966d8704be18a18cfc0e8f8c43d1a
Copying blob sha256:35ac936b587b5ada7285fb2ce5d9e71095c5b140ab5597e0fae1631af8c56ee6
Copying blob sha256:a4f1a9417b79f82c7c131d905270994b4e611dae7721489f03e69f14b9f29527
Copying blob sha256:33d9662ff748c26b5c10fe06e50aa173fba09959c25f1c5f2c36827f205a5cc5
Copying blob sha256:5809db4f1842bf2564be3adc004361222dbde935f8c591907dc2da3e18cb361a
Copying blob sha256:fb71a89e9ae4f47a10e8b9e4741258cc6c95fc765f3a2f0fbb9be30bd846aba8
Copying blob sha256:3b6eb3aabf568cae763b7be058bd2f3cf5546f79a1c9abdebe38637e3f6e9f3f
Copying blob sha256:5a622315b451aa6580193a2d92c4fe992170257d3b7c377b20611112baa92caa
Copying blob sha256:f026d51707645d5725c28e361b8cc2d7ac239cae27dbb3f8993ddda4285d9bac
Copying blob sha256:9113c86fc30dcc219ad17583874a613386e0de7ac730d77705f4a950a8c8ae66
Copying blob sha256:92a8ab75b2e8e3cc8084f474aeebb27e5d0ffb6eb1c68f9db4ead32c59dcbdab
Copying blob sha256:85b817792f8a8a03f7f61214c3e891c59756df2d7972426d4a617876d444879c
Copying blob sha256:5855d39a75b93adae1b44e6b253d45f3329f31e96d25495065bd0d88d695c22f
Copying blob sha256:ba0ac4c31cb83f1aef61883de95870fd2d1d936a4706784fcd0c42292405098e
Copying blob sha256:9119631da8e1d37dc0ec64353b35ccd82d74732b9cc05a7cd25d41c5ac45b15b
Copying blob sha256:92f2e546a05014489fffcc4fe1bb727829a153e352b3158048533d531e4b52c6
Copying blob sha256:84b07e6fb706a1d8e590b63c50546cf66ac85a57b6176c0969349fb84eaff824
Copying blob sha256:e8594875a875997668ff9394ad94a73dd513744e41a097cf2505b43fddf29bc3
Copying blob sha256:bddaa82a39f1abb2ed2aa9dcda1b7349d37e710a25ffc9b05a1c962c6805ef66
Copying blob sha256:d3f7b47fd6a1104b0c21e92dbd4cb518cf1d58d66d6bcb0562eeeb28912deecc
Copying blob sha256:3cc65bea5eb7f06803e4642ddf2db5c98c03aa119cee2de6e4e328c06dfdff4e
Copying blob sha256:4d3b17343768ceef6c816bc53a763945c8a09823217c3ee57fe59423e4e1552f
Copying blob sha256:ba3ed2145824d8eaa24f69fe3bc42a7a320c76bc08b96c3a83a98a05443dd906
Copying blob sha256:d59dbacac5f244bdd7b5600ed4d512b8dc127217c2c86339de0249b2e79e65d7
Copying blob sha256:ee6de1afd7b2c5235f239c1c574d260166a8baa86a4af20f879d95e3a4304629
Copying blob sha256:57db4f2301cf319adbf7447516581a38414676a269f21cad4840b0e7daeb178e
Copying blob sha256:c5129a271131af5399d0dc42f94a4d042084b62e67c883662933df873a69754f
Copying blob sha256:791b04d4f3aa2a29e9cede70e6144eaf10676f02145bad5a971d1eb9462ddecd
Copying blob sha256:1ce8cf685984fdce6b6693dc95b80672c4245bc6f1b896055f65c7adfc4d1287
Copying blob sha256:50b88942944e517d4b3041af64c3872c2b98dab158bd12b56adb3fe2e5acf604
Copying blob sha256:42eb6a4da72f6db0e25659019157bbc335708ba0ba700650fee6890209fb6d4f
Copying blob sha256:bcbcb7e544aec732c5c66786a5f28fe91b957a71df5681a2d3b2eea2f8d80366
Copying blob sha256:e64ebdfb8b60a4268d29fa370db4347f0916325dbc84d85730996c9c9e6eb58a
Copying blob sha256:af3288831e170a28e8f551eacee7363076f80eb90efe280f1922671da13814d9
Copying blob sha256:443904a11e2764d156cb734aac0cbbc0dd9aa30b102fd59a8e59423fb770aac2
Copying blob sha256:d97483c64581f89851cbb043bcceb9c28691963bb2882bd4c3f1ec557f4ddad4
Copying blob sha256:a2b95b5d631ccec7f6f9ac65472369d671289181f98976c12d085e16c44c20f0
Copying blob sha256:1744674d929d1ce7dfffe6db5bb22111778a7ab935cd4bbd6ac39181cccf1978
Copying blob sha256:fa73c37db9ff3171ebd5e89c8c7345532d0c9fd9cfd30ee5c91a6570c241afa1
Copying blob sha256:a4d35f7d60b6cc3de5542497ff9f334ea0bfbe6587520e1860a26d5fbfbcd2c2
Copying blob sha256:cade24117ea882542e55096615125fc644c16ac3ae5ccbe99e62d2a2082e6276
Copying blob sha256:12787d84fa137cd5649a9005efe98ec9d05ea46245fdc50aecb7dd007f2035b1
Copying blob sha256:a2ac7eba2d1a2d456f98734d5ffe1e21ee314f708cc3907f97620950a887d1e4
Copying blob sha256:53f68d5f3306eb3cf70590a46036f7f135c65593ce81d9ed8567bd80ac17b8d7
Copying blob sha256:0ef153282b617299ef0849cee43cb621cea5bad9357da520e2d9b1a5ea5eb22e
Copying blob sha256:e5896d9da240902125141aea7a2a4d3fc75b562c29cf81af45b267bc80f2dcbe
Copying blob sha256:f98f1748175eb4f4c47e76fbd71038880eb7ce6077a1fe2711fe8592169b88fe
Copying config sha256:d09a6786739a5dd420623772b7bad5d5690d7c8801d8b300ae3009c5c2db9423
Writing manifest to image destination
d09a6786739a5dd420623772b7bad5d5690d7c8801d8b300ae3009c5c2db9423
Untagged: docker.io/library/tmp-container-deploy-84833807286330:latest
Deleted: d09a6786739a5dd420623772b7bad5d5690d7c8801d8b300ae3009c5c2db9423
⏱  Duration: 62.72s
[0m[1morg.osbuild.selinux: 424dc8ca52a7581cc018c82fbbd5cb3a5d6b6081be181565a463ed072dc0931c[0m {

  "exclude_paths": [
  ],
  "file_contexts": "etc/selinux/targeted/contexts/files/file_contexts",
    "/sysroot"
  "labels": {
    "/usr/bin/ostree": "system_u:object_r:install_exec_t:s0",
    "/usr/bin/mount": "system_u:object_r:install_exec_t:s0",
    "/usr/bin/umount": "system_u:object_r:install_exec_t:s0"
}
  }
setfiles: /run/osbuild/tree/etc/selinux/targeted/contexts/files/file_contexts.bin:  line 1 error due to: Non-ASCII characters found
setfiles: /run/osbuild/tree/etc/selinux/targeted/contexts/files/file_contexts.homedirs.bin:  line 1 error due to: Non-ASCII characters found
setfiles: conflicting specifications for /run/osbuild/tree/etc/iproute2/README and /run/osbuild/tree/usr/share/iproute2/README, using system_u:object_r:usr_t:s0.
setfiles: conflicting specifications for /run/osbuild/tree/etc/krb5.conf.d/enable_sssd_conf_dir and /run/osbuild/tree/usr/share/sssd/krb5-snippets/enable_sssd_conf_dir, using system_u:object_r:usr_t:s0.
setfiles: conflicting specifications for /run/osbuild/tree/etc/crypto-policies/config and /run/osbuild/tree/usr/share/crypto-policies/default-config, using system_u:object_r:usr_t:s0.
setfiles: conflicting specifications for /run/osbuild/tree/usr/libexec/bootc-generic-growpart and /run/osbuild/tree/usr/share/doc/bootc-base-imagectl/manifests/standard/bootc-generic-growpart, using system_u:object_r:usr_t:s0.
setfiles: conflicting specifications for /run/osbuild/tree/etc/keys/ima/redhatimarelease-10.der and /run/osbuild/tree/usr/share/doc/kernel-keys/6.12.0-124.27.1.el10_1.aarch64/ima.cer, using system_u:object_r:usr_t:s0.

⏱  Duration: 18.00s
Build
[0m[1mPipeline image: 4a06a5f050c6d564b3de29d4f648a8edfd9698777c384beae84f761061a2f91f[0m
  root: 424dc8ca52a7581cc018c82fbbd5cb3a5d6b6081be181565a463ed072dc0931c
  runner: org.osbuild.linux (org.osbuild.linux)
  "filename": "disk.raw",
  "size": "10737418240"

[0m[1morg.osbuild.truncate: e9e9739edeb0dc5e2d70345f6318e777273bb3d076a4f31b43d002b45a3b4106[0m {
[0m[1morg.osbuild.sfdisk: 895800045aef07dd8874e5185cc4980bec6fde11ee10513cc1cb80860cb62311[0m {
  "label": "gpt",
⏱  Duration: 0.20s
  "uuid": "c6ab1154-1337-44b3-b3fa-0eb2dda8a5b1",
    {
}
  "partitions": [
      "size": 1026048,
      "type": "C12A7328-F81F-11D2-BA4B-00A0C93EC93B",
      "uuid": "334bc518-4a3f-430f-a015-a61fee4db6b0"
      "start": 2048,
    },
    {
      "size": 2097152,
      "type": "0FC63DAF-8483-4772-8E79-3D69D8477DE4",
      "start": 1028096,
      "uuid": "2eb52b58-1c72-4359-ba81-9e71c87ce09d"
    },
    {
      "start": 3125248,
      "size": 17846239,
    }
      "uuid": "a6b20f46-91ad-42d5-9d42-c0788a9d61e0"
  ]
      "type": "0FC63DAF-8483-4772-8E79-3D69D8477DE4",
}
device/device (org.osbuild.loopback): loop0 acquired (locked: True)
label-id: c6ab1154-1337-44b3-b3fa-0eb2dda8a5b1
label: gpt
start="3125248", size="17846239", type="0FC63DAF-8483-4772-8E79-3D69D8477DE4", uuid="a6b20f46-91ad-42d5-9d42-c0788a9d61e0"
{
start="1028096", size="2097152", type="0FC63DAF-8483-4772-8E79-3D69D8477DE4", uuid="2eb52b58-1c72-4359-ba81-9e71c87ce09d"
start="2048", size="1026048", type="C12A7328-F81F-11D2-BA4B-00A0C93EC93B", uuid="334bc518-4a3f-430f-a015-a61fee4db6b0"
   "partitiontable": {
      "label": "gpt",
      "id": "C6AB1154-1337-44B3-B3FA-0EB2DDA8A5B1",
      "device": "/dev/loop0",
      "unit": "sectors",
      "lastlba": 20971486,
      "firstlba": 2048,
            "node": "/dev/loop0p1",
         {
      "partitions": [
      "sectorsize": 512,
            "size": 1026048,
            "start": 2048,
            "type": "C12A7328-F81F-11D2-BA4B-00A0C93EC93B",
            "uuid": "334BC518-4A3F-430F-A015-A61FEE4DB6B0"
         },{
            "node": "/dev/loop0p2",
            "start": 1028096,
            "size": 2097152,
            "type": "0FC63DAF-8483-4772-8E79-3D69D8477DE4",
         },{
            "uuid": "2EB52B58-1C72-4359-BA81-9E71C87CE09D"
            "node": "/dev/loop0p3",
            "start": 3125248,
            "size": 17846239,
            "type": "0FC63DAF-8483-4772-8E79-3D69D8477DE4",
            "uuid": "A6B20F46-91AD-42D5-9D42-C0788A9D61E0"
         }
      ]
   }
}

[0m[1morg.osbuild.mkfs.fat: 5c30cfcdc2cb16543d9e30e1483aa5546c9a36b0d68c925566eed72a070f022a[0m {
⏱  Duration: 0.36s
  "label": "EFI-SYSTEM"
  "volid": "5DD25E90",
}
mkfs.fat 4.2 (2021-01-31)
device/device (org.osbuild.loopback): loop0 acquired (locked: True)

[0m[1morg.osbuild.mkfs.xfs: 8f1cc99aa64b493cf2b212589dda1de9d5e37b2f6808356fb2f7b9551c9a6583[0m {
⏱  Duration: 0.28s
  "uuid": "1ab924cf-3816-4715-84a1-4dc5d805a9c0",
  "label": "boot"
}
         =                       sectsz=512   attr=2, projid32bit=1
meta-data=/dev/loop0             isize=512    agcount=4, agsize=65536 blks
         =                       exchange=0  
         =                       reflink=1    bigtime=1 inobtcount=1 nrext64=1
         =                       crc=1        finobt=1, sparse=1, rmapbt=1
device/device (org.osbuild.loopback): loop0 acquired (locked: True)
data     =                       bsize=4096   blocks=262144, imaxpct=25
         =                       sunit=0      swidth=0 blks
naming   =version 2              bsize=4096   ascii-ci=0, ftype=1, parent=0
log      =internal log           bsize=4096   blocks=16384, version=2
         =                       sectsz=512   sunit=0 blks, lazy-count=1
realtime =none                   extsz=4096   blocks=0, rtextents=0

Discarding blocks...Done.
⏱  Duration: 0.28s
[0m[1morg.osbuild.mkfs.xfs: 10f3d3f7f1f348d857663797d24b2fa3a49036973ed8eb474dd038cc0371ba92[0m {
  "label": "root"
  "uuid": "a1b9146f-966e-414a-9403-949b3086b9ce",
device/device (org.osbuild.loopback): loop0 acquired (locked: True)
meta-data=/dev/loop0             isize=512    agcount=4, agsize=557695 blks
         =                       sectsz=512   attr=2, projid32bit=1
         =                       crc=1        finobt=1, sparse=1, rmapbt=1
}
         =                       reflink=1    bigtime=1 inobtcount=1 nrext64=1
         =                       exchange=0  
data     =                       bsize=4096   blocks=2230779, imaxpct=25
         =                       sunit=0      swidth=0 blks
naming   =version 2              bsize=4096   ascii-ci=0, ftype=1, parent=0
log      =internal log           bsize=4096   blocks=16384, version=2
         =                       sectsz=512   sunit=0 blks, lazy-count=1
realtime =none                   extsz=4096   blocks=0, rtextents=0
Discarding blocks...Done.
⏱  Duration: 0.32s

[0m[1morg.osbuild.bootc.install-to-filesystem: 56076207485920b0a3d296dd8593dd627f60281da2b15296705c2f4422d8c147[0m {
  "kernel-args": [
    "console=ttyS0"
    "console=tty0",
    "rw",
}
mount/boot (org.osbuild.xfs): mounting /dev/loop0p2 -> /store/tmp/buildroot-tmp-esap5flf/mounts/boot
  ],
device/disk (org.osbuild.loopback): loop0 acquired (locked: False)
  "target-imgref": "quay.io/kubealex/image-mode-lbi:latest"
mount/- (org.osbuild.xfs): mounting /dev/loop0p3 -> /store/tmp/buildroot-tmp-esap5flf/mounts/
mount/boot-efi (org.osbuild.fat): mounting /dev/loop0p1 -> /store/tmp/buildroot-tmp-esap5flf/mounts/boot/efi
Installing image: docker://quay.io/kubealex/image-mode-lbi:latest
Initializing ostree layout
layers already present: 0; layers needed: 71 (3.5 GB)
Deploying container image...done (14 seconds)
Installing bootloader via bootupd
Added 14_menu_show_once.cfg
Added 30_uefi-firmware.cfg
Added 10_blscfg.cfg
Installed: grub.cfg
Installed: "redhat/grub.cfg"
Added 41_custom.cfg
Installed: bootuuid.cfg
Added 01_users.cfg
Installed: "redhat/bootuuid.cfg"
Trimming root
Finalizing filesystem root
.: 8.5 GiB (9137270784 bytes) trimmed
Trimming boot
boot: 1 GiB (1073741824 bytes) trimmed
Finalizing filesystem boot
Installation complete!
mount/boot-efi (org.osbuild.fat): umount: /store/tmp/buildroot-tmp-esap5flf/mounts/boot/efi unmounted
mount/boot (org.osbuild.xfs): umount: /store/tmp/buildroot-tmp-esap5flf/mounts/boot unmounted
mount/- (org.osbuild.xfs): umount: /store/tmp/buildroot-tmp-esap5flf/mounts/ unmounted

[0m[1morg.osbuild.systemd.unit.create: d6e71993116d7bfd9dc4ed9c263f2ffc1c6cf2b0edb0450a13ebd938c6f8306c[0m {
⏱  Duration: 141.78s
  "filename": "-.mount",
  "unit-path": "etc",
  "config": {
    "Unit": {
      "DefaultDependencies": true
    },
    "Mount": {
      "What": "/dev/disk/by-uuid/a1b9146f-966e-414a-9403-949b3086b9ce",
      "Where": "/",
      "Type": "xfs",
      "Options": "ro"
    },
      "WantedBy": [
        "multi-user.target"
    "Install": {
      ]
    }
  }
mount/- (org.osbuild.xfs): mounting /dev/loop0p3 -> /store/tmp/buildroot-tmp-aizv74ou/mounts/
mount/boot (org.osbuild.xfs): mounting /dev/loop0p2 -> /store/tmp/buildroot-tmp-aizv74ou/mounts/boot
device/disk (org.osbuild.loopback): loop0 acquired (locked: False)
}
mount/boot-efi (org.osbuild.fat): mounting /dev/loop0p1 -> /store/tmp/buildroot-tmp-aizv74ou/mounts/boot/efi
mount/ostree.deployment (org.osbuild.ostree.deployment): Deployment root at 'ostree/deploy/default/deploy/abda10463b1dc3390acc78c622520dcdef99374f53c3449441b6bd1e28cefa08.0'
mount/bind-ostree-deployment-to-tree (org.osbuild.bind): umount: /store/stage/uuid-3bb1fd147166441abc8a33649a4e1692/data/tree/sysroot unmounted
mount/bind-ostree-deployment-to-tree (org.osbuild.bind): umount: /store/stage/uuid-3bb1fd147166441abc8a33649a4e1692/data/tree/var unmounted
mount/bind-ostree-deployment-to-tree (org.osbuild.bind): umount: /store/stage/uuid-3bb1fd147166441abc8a33649a4e1692/data/tree unmounted
mount/ostree.deployment (org.osbuild.ostree.deployment): mounting /store/tmp/buildroot-tmp-aizv74ou/mounts/ostree/deploy/default/deploy/abda10463b1dc3390acc78c622520dcdef99374f53c3449441b6bd1e28cefa08.0 -> /store/tmp/buildroot-tmp-aizv74ou/mounts
mount/bind-ostree-deployment-to-tree (org.osbuild.bind): umount: /store/stage/uuid-3bb1fd147166441abc8a33649a4e1692/data/tree/boot unmounted
mount/ostree.deployment (org.osbuild.ostree.deployment): umount: /store/tmp/buildroot-tmp-aizv74ou/mounts/var unmounted
mount/ostree.deployment (org.osbuild.ostree.deployment): umount: /store/tmp/buildroot-tmp-aizv74ou/mounts/sysroot unmounted
mount/ostree.deployment (org.osbuild.ostree.deployment): umount: /store/tmp/buildroot-tmp-aizv74ou/mounts/boot unmounted
mount/ostree.deployment (org.osbuild.ostree.deployment): extra unmount /store/tmp/buildroot-tmp-aizv74ou/mounts
mount/ostree.deployment (org.osbuild.ostree.deployment): umount: /store/tmp/buildroot-tmp-aizv74ou/mounts unmounted
mount/ostree.deployment (org.osbuild.ostree.deployment): umount: /store/tmp/buildroot-tmp-aizv74ou/mounts unmounted
mount/ostree.deployment (org.osbuild.ostree.deployment): Traceback (most recent call last):
mount/ostree.deployment (org.osbuild.ostree.deployment):   File "/usr/lib/osbuild/mounts/org.osbuild.ostree.deployment", line 199, in <module>
mount/ostree.deployment (org.osbuild.ostree.deployment): extra unmount /store/tmp/buildroot-tmp-aizv74ou/mounts
mount/ostree.deployment (org.osbuild.ostree.deployment):     main()
mount/ostree.deployment (org.osbuild.ostree.deployment):     service.main()
mount/ostree.deployment (org.osbuild.ostree.deployment):   File "/usr/lib/osbuild/mounts/org.osbuild.ostree.deployment", line 195, in main
mount/ostree.deployment (org.osbuild.ostree.deployment):   File "/usr/lib/python3.9/site-packages/osbuild/host.py", line 252, in main
mount/ostree.deployment (org.osbuild.ostree.deployment):   File "/usr/lib/python3.9/site-packages/osbuild/mounts.py", line 127, in stop
mount/ostree.deployment (org.osbuild.ostree.deployment):     self.stop()
mount/ostree.deployment (org.osbuild.ostree.deployment):     subprocess.run(["umount", "-v", self.mountpoint],
mount/ostree.deployment (org.osbuild.ostree.deployment):   File "/usr/lib64/python3.9/subprocess.py", line 528, in run
mount/ostree.deployment (org.osbuild.ostree.deployment): umount: /store/tmp/buildroot-tmp-aizv74ou/mounts: target is busy.
mount/ostree.deployment (org.osbuild.ostree.deployment):     raise CalledProcessError(retcode, process.args,
mount/ostree.deployment (org.osbuild.ostree.deployment):   File "/usr/lib/osbuild/mounts/org.osbuild.ostree.deployment", line 188, in umount
mount/ostree.deployment (org.osbuild.ostree.deployment): subprocess.CalledProcessError: Command '['umount', '-v', '/store/tmp/buildroot-tmp-aizv74ou/mounts']' returned non-zero exit status 32.
mount/ostree.deployment (org.osbuild.ostree.deployment):     self.umount()
mount/boot (org.osbuild.xfs): umount: /store/tmp/buildroot-tmp-aizv74ou/mounts/boot unmounted
mount/boot-efi (org.osbuild.fat): umount: /store/tmp/buildroot-tmp-aizv74ou/mounts/boot/efi unmounted

⏱  Duration: 0.69s
[0m[1morg.osbuild.systemd.unit.create: a5297a1a635e209afb1ff86ebd1b9b004a8d9a1888230479a2d4fb56cfa8c2e5[0m {
  "filename": "boot-efi.mount",
mount/- (org.osbuild.xfs): umount: /store/tmp/buildroot-tmp-aizv74ou/mounts/ unmounted
  "unit-path": "etc",
  "config": {
    "Unit": {
      "DefaultDependencies": true
    },
    "Mount": {
      "What": "/dev/disk/by-uuid/5DD2-5E90",
      "Where": "/boot/efi",
      "Type": "vfat",
      "Options": "umask=0077,shortname=winnt"
    },
    "Install": {
      ]
        "multi-user.target"
  }
      "WantedBy": [
}
    }
mount/- (org.osbuild.xfs): mounting /dev/loop0p3 -> /store/tmp/buildroot-tmp-ywskbwly/mounts/
device/disk (org.osbuild.loopback): loop0 acquired (locked: False)
mount/boot (org.osbuild.xfs): mounting /dev/loop0p2 -> /store/tmp/buildroot-tmp-ywskbwly/mounts/boot
mount/boot-efi (org.osbuild.fat): mounting /dev/loop0p1 -> /store/tmp/buildroot-tmp-ywskbwly/mounts/boot/efi
mount/ostree.deployment (org.osbuild.ostree.deployment): Deployment root at 'ostree/deploy/default/deploy/abda10463b1dc3390acc78c622520dcdef99374f53c3449441b6bd1e28cefa08.0'
mount/bind-ostree-deployment-to-tree (org.osbuild.bind): umount: /store/stage/uuid-3bb1fd147166441abc8a33649a4e1692/data/tree/var unmounted
mount/bind-ostree-deployment-to-tree (org.osbuild.bind): umount: /store/stage/uuid-3bb1fd147166441abc8a33649a4e1692/data/tree/sysroot unmounted
mount/bind-ostree-deployment-to-tree (org.osbuild.bind): umount: /store/stage/uuid-3bb1fd147166441abc8a33649a4e1692/data/tree/boot unmounted
mount/ostree.deployment (org.osbuild.ostree.deployment): umount: /store/tmp/buildroot-tmp-ywskbwly/mounts/sysroot unmounted
mount/bind-ostree-deployment-to-tree (org.osbuild.bind): umount: /store/stage/uuid-3bb1fd147166441abc8a33649a4e1692/data/tree unmounted
mount/ostree.deployment (org.osbuild.ostree.deployment): mounting /store/tmp/buildroot-tmp-ywskbwly/mounts/ostree/deploy/default/deploy/abda10463b1dc3390acc78c622520dcdef99374f53c3449441b6bd1e28cefa08.0 -> /store/tmp/buildroot-tmp-ywskbwly/mounts
mount/ostree.deployment (org.osbuild.ostree.deployment): umount: /store/tmp/buildroot-tmp-ywskbwly/mounts/var unmounted
mount/ostree.deployment (org.osbuild.ostree.deployment): umount: /store/tmp/buildroot-tmp-ywskbwly/mounts unmounted
mount/ostree.deployment (org.osbuild.ostree.deployment): umount: /store/tmp/buildroot-tmp-ywskbwly/mounts/boot unmounted
mount/ostree.deployment (org.osbuild.ostree.deployment): umount: /store/tmp/buildroot-tmp-ywskbwly/mounts: target is busy.
mount/ostree.deployment (org.osbuild.ostree.deployment): Traceback (most recent call last):
mount/ostree.deployment (org.osbuild.ostree.deployment): extra unmount /store/tmp/buildroot-tmp-ywskbwly/mounts
mount/ostree.deployment (org.osbuild.ostree.deployment):   File "/usr/lib/osbuild/mounts/org.osbuild.ostree.deployment", line 199, in <module>
mount/ostree.deployment (org.osbuild.ostree.deployment): extra unmount /store/tmp/buildroot-tmp-ywskbwly/mounts
mount/ostree.deployment (org.osbuild.ostree.deployment):     main()
mount/ostree.deployment (org.osbuild.ostree.deployment):   File "/usr/lib/osbuild/mounts/org.osbuild.ostree.deployment", line 195, in main
mount/ostree.deployment (org.osbuild.ostree.deployment): umount: /store/tmp/buildroot-tmp-ywskbwly/mounts unmounted
mount/ostree.deployment (org.osbuild.ostree.deployment):     service.main()
mount/ostree.deployment (org.osbuild.ostree.deployment):   File "/usr/lib/python3.9/site-packages/osbuild/host.py", line 252, in main
mount/ostree.deployment (org.osbuild.ostree.deployment):   File "/usr/lib/python3.9/site-packages/osbuild/mounts.py", line 127, in stop
mount/ostree.deployment (org.osbuild.ostree.deployment):     self.stop()
mount/ostree.deployment (org.osbuild.ostree.deployment):     self.umount()
mount/ostree.deployment (org.osbuild.ostree.deployment):     subprocess.run(["umount", "-v", self.mountpoint],
mount/ostree.deployment (org.osbuild.ostree.deployment):   File "/usr/lib/osbuild/mounts/org.osbuild.ostree.deployment", line 188, in umount
mount/ostree.deployment (org.osbuild.ostree.deployment):   File "/usr/lib64/python3.9/subprocess.py", line 528, in run
mount/ostree.deployment (org.osbuild.ostree.deployment):     raise CalledProcessError(retcode, process.args,
mount/ostree.deployment (org.osbuild.ostree.deployment): subprocess.CalledProcessError: Command '['umount', '-v', '/store/tmp/buildroot-tmp-ywskbwly/mounts']' returned non-zero exit status 32.
mount/boot-efi (org.osbuild.fat): umount: /store/tmp/buildroot-tmp-ywskbwly/mounts/boot/efi unmounted
mount/boot (org.osbuild.xfs): umount: /store/tmp/buildroot-tmp-ywskbwly/mounts/boot unmounted
mount/- (org.osbuild.xfs): umount: /store/tmp/buildroot-tmp-ywskbwly/mounts/ unmounted

[0m[1morg.osbuild.systemd.unit.create: 26567e2f8a541269c15cfcdeea5c5dbb14d4094b462d8949076bed3ac75d5b66[0m {
⏱  Duration: 0.60s
  "filename": "boot.mount",
  "unit-path": "etc",
  "config": {
    "Unit": {
      "DefaultDependencies": true
    },
      "What": "/dev/disk/by-uuid/1ab924cf-3816-4715-84a1-4dc5d805a9c0",
    "Mount": {
      "Type": "xfs",
      "Where": "/boot",
      "Options": "ro"
    },
    "Install": {
        "multi-user.target"
  }
      "WantedBy": [
}
      ]
    }
device/disk (org.osbuild.loopback): loop0 acquired (locked: False)
mount/- (org.osbuild.xfs): mounting /dev/loop0p3 -> /store/tmp/buildroot-tmp-do_uigpi/mounts/
mount/boot (org.osbuild.xfs): mounting /dev/loop0p2 -> /store/tmp/buildroot-tmp-do_uigpi/mounts/boot
mount/boot-efi (org.osbuild.fat): mounting /dev/loop0p1 -> /store/tmp/buildroot-tmp-do_uigpi/mounts/boot/efi
mount/bind-ostree-deployment-to-tree (org.osbuild.bind): umount: /store/stage/uuid-3bb1fd147166441abc8a33649a4e1692/data/tree/var unmounted
mount/bind-ostree-deployment-to-tree (org.osbuild.bind): umount: /store/stage/uuid-3bb1fd147166441abc8a33649a4e1692/data/tree/sysroot unmounted
mount/ostree.deployment (org.osbuild.ostree.deployment): Deployment root at 'ostree/deploy/default/deploy/abda10463b1dc3390acc78c622520dcdef99374f53c3449441b6bd1e28cefa08.0'
mount/bind-ostree-deployment-to-tree (org.osbuild.bind): umount: /store/stage/uuid-3bb1fd147166441abc8a33649a4e1692/data/tree/boot unmounted
mount/bind-ostree-deployment-to-tree (org.osbuild.bind): umount: /store/stage/uuid-3bb1fd147166441abc8a33649a4e1692/data/tree unmounted
mount/ostree.deployment (org.osbuild.ostree.deployment): umount: /store/tmp/buildroot-tmp-do_uigpi/mounts/sysroot unmounted
mount/ostree.deployment (org.osbuild.ostree.deployment): umount: /store/tmp/buildroot-tmp-do_uigpi/mounts/var unmounted
mount/ostree.deployment (org.osbuild.ostree.deployment): umount: /store/tmp/buildroot-tmp-do_uigpi/mounts/boot unmounted
mount/ostree.deployment (org.osbuild.ostree.deployment): mounting /store/tmp/buildroot-tmp-do_uigpi/mounts/ostree/deploy/default/deploy/abda10463b1dc3390acc78c622520dcdef99374f53c3449441b6bd1e28cefa08.0 -> /store/tmp/buildroot-tmp-do_uigpi/mounts
mount/ostree.deployment (org.osbuild.ostree.deployment): umount: /store/tmp/buildroot-tmp-do_uigpi/mounts unmounted
mount/ostree.deployment (org.osbuild.ostree.deployment): umount: /store/tmp/buildroot-tmp-do_uigpi/mounts: target is busy.
mount/ostree.deployment (org.osbuild.ostree.deployment): extra unmount /store/tmp/buildroot-tmp-do_uigpi/mounts
mount/ostree.deployment (org.osbuild.ostree.deployment): extra unmount /store/tmp/buildroot-tmp-do_uigpi/mounts
mount/ostree.deployment (org.osbuild.ostree.deployment): umount: /store/tmp/buildroot-tmp-do_uigpi/mounts unmounted
mount/ostree.deployment (org.osbuild.ostree.deployment): Traceback (most recent call last):
mount/ostree.deployment (org.osbuild.ostree.deployment):   File "/usr/lib/osbuild/mounts/org.osbuild.ostree.deployment", line 199, in <module>
mount/ostree.deployment (org.osbuild.ostree.deployment):   File "/usr/lib/osbuild/mounts/org.osbuild.ostree.deployment", line 195, in main
mount/ostree.deployment (org.osbuild.ostree.deployment):     main()
mount/ostree.deployment (org.osbuild.ostree.deployment):     service.main()
mount/ostree.deployment (org.osbuild.ostree.deployment):   File "/usr/lib/python3.9/site-packages/osbuild/host.py", line 252, in main
mount/ostree.deployment (org.osbuild.ostree.deployment):   File "/usr/lib/python3.9/site-packages/osbuild/mounts.py", line 127, in stop
mount/ostree.deployment (org.osbuild.ostree.deployment):     self.umount()
mount/ostree.deployment (org.osbuild.ostree.deployment):   File "/usr/lib/osbuild/mounts/org.osbuild.ostree.deployment", line 188, in umount
mount/ostree.deployment (org.osbuild.ostree.deployment):     self.stop()
mount/ostree.deployment (org.osbuild.ostree.deployment):     subprocess.run(["umount", "-v", self.mountpoint],
mount/ostree.deployment (org.osbuild.ostree.deployment):   File "/usr/lib64/python3.9/subprocess.py", line 528, in run
mount/ostree.deployment (org.osbuild.ostree.deployment): subprocess.CalledProcessError: Command '['umount', '-v', '/store/tmp/buildroot-tmp-do_uigpi/mounts']' returned non-zero exit status 32.
mount/ostree.deployment (org.osbuild.ostree.deployment):     raise CalledProcessError(retcode, process.args,
mount/boot (org.osbuild.xfs): umount: /store/tmp/buildroot-tmp-do_uigpi/mounts/boot unmounted
⏱  Duration: 0.60s

mount/- (org.osbuild.xfs): umount: /store/tmp/buildroot-tmp-do_uigpi/mounts/ unmounted
mount/boot-efi (org.osbuild.fat): umount: /store/tmp/buildroot-tmp-do_uigpi/mounts/boot/efi unmounted
[0m[1morg.osbuild.systemd: be1ffa00600055aa934f3cf9e7930238735a27c1a64902a62efded98c3850911[0m {
  "enabled_services": [
    "boot-efi.mount",
    "-.mount",
    "boot.mount"
device/disk (org.osbuild.loopback): loop0 acquired (locked: False)
}
  ]
mount/- (org.osbuild.xfs): mounting /dev/loop0p3 -> /store/tmp/buildroot-tmp-e9dayuc5/mounts/
mount/boot (org.osbuild.xfs): mounting /dev/loop0p2 -> /store/tmp/buildroot-tmp-e9dayuc5/mounts/boot
mount/boot-efi (org.osbuild.fat): mounting /dev/loop0p1 -> /store/tmp/buildroot-tmp-e9dayuc5/mounts/boot/efi
mount/ostree.deployment (org.osbuild.ostree.deployment): Deployment root at 'ostree/deploy/default/deploy/abda10463b1dc3390acc78c622520dcdef99374f53c3449441b6bd1e28cefa08.0'
Created symlink '/run/osbuild/tree/etc/systemd/system/multi-user.target.wants/boot-efi.mount' → '/etc/systemd/system/boot-efi.mount'.
Created symlink '/run/osbuild/tree/etc/systemd/system/multi-user.target.wants/-.mount' → '/etc/systemd/system/-.mount'.
Created symlink '/run/osbuild/tree/etc/systemd/system/multi-user.target.wants/boot.mount' → '/etc/systemd/system/boot.mount'.
mount/bind-ostree-deployment-to-tree (org.osbuild.bind): umount: /store/stage/uuid-3bb1fd147166441abc8a33649a4e1692/data/tree/var unmounted
mount/bind-ostree-deployment-to-tree (org.osbuild.bind): umount: /store/stage/uuid-3bb1fd147166441abc8a33649a4e1692/data/tree/boot unmounted
mount/bind-ostree-deployment-to-tree (org.osbuild.bind): umount: /store/stage/uuid-3bb1fd147166441abc8a33649a4e1692/data/tree/sysroot unmounted
mount/bind-ostree-deployment-to-tree (org.osbuild.bind): umount: /store/stage/uuid-3bb1fd147166441abc8a33649a4e1692/data/tree unmounted
mount/ostree.deployment (org.osbuild.ostree.deployment): mounting /store/tmp/buildroot-tmp-e9dayuc5/mounts/ostree/deploy/default/deploy/abda10463b1dc3390acc78c622520dcdef99374f53c3449441b6bd1e28cefa08.0 -> /store/tmp/buildroot-tmp-e9dayuc5/mounts
mount/ostree.deployment (org.osbuild.ostree.deployment): umount: /store/tmp/buildroot-tmp-e9dayuc5/mounts/sysroot unmounted
mount/ostree.deployment (org.osbuild.ostree.deployment): umount: /store/tmp/buildroot-tmp-e9dayuc5/mounts/var unmounted
mount/ostree.deployment (org.osbuild.ostree.deployment): umount: /store/tmp/buildroot-tmp-e9dayuc5/mounts/boot unmounted
mount/ostree.deployment (org.osbuild.ostree.deployment): umount: /store/tmp/buildroot-tmp-e9dayuc5/mounts unmounted
mount/ostree.deployment (org.osbuild.ostree.deployment): extra unmount /store/tmp/buildroot-tmp-e9dayuc5/mounts
mount/ostree.deployment (org.osbuild.ostree.deployment): umount: /store/tmp/buildroot-tmp-e9dayuc5/mounts unmounted
mount/ostree.deployment (org.osbuild.ostree.deployment): Traceback (most recent call last):
mount/ostree.deployment (org.osbuild.ostree.deployment): umount: /store/tmp/buildroot-tmp-e9dayuc5/mounts: target is busy.
mount/ostree.deployment (org.osbuild.ostree.deployment): extra unmount /store/tmp/buildroot-tmp-e9dayuc5/mounts
mount/ostree.deployment (org.osbuild.ostree.deployment):   File "/usr/lib/osbuild/mounts/org.osbuild.ostree.deployment", line 199, in <module>
mount/ostree.deployment (org.osbuild.ostree.deployment):     main()
mount/ostree.deployment (org.osbuild.ostree.deployment):   File "/usr/lib/osbuild/mounts/org.osbuild.ostree.deployment", line 195, in main
mount/ostree.deployment (org.osbuild.ostree.deployment):   File "/usr/lib/python3.9/site-packages/osbuild/host.py", line 252, in main
mount/ostree.deployment (org.osbuild.ostree.deployment):     service.main()
mount/ostree.deployment (org.osbuild.ostree.deployment):     self.stop()
mount/ostree.deployment (org.osbuild.ostree.deployment):   File "/usr/lib/python3.9/site-packages/osbuild/mounts.py", line 127, in stop
mount/ostree.deployment (org.osbuild.ostree.deployment):     self.umount()
mount/ostree.deployment (org.osbuild.ostree.deployment):   File "/usr/lib/osbuild/mounts/org.osbuild.ostree.deployment", line 188, in umount
mount/ostree.deployment (org.osbuild.ostree.deployment):     subprocess.run(["umount", "-v", self.mountpoint],
mount/ostree.deployment (org.osbuild.ostree.deployment):   File "/usr/lib64/python3.9/subprocess.py", line 528, in run
mount/ostree.deployment (org.osbuild.ostree.deployment):     raise CalledProcessError(retcode, process.args,
mount/ostree.deployment (org.osbuild.ostree.deployment): subprocess.CalledProcessError: Command '['umount', '-v', '/store/tmp/buildroot-tmp-e9dayuc5/mounts']' returned non-zero exit status 32.
mount/boot-efi (org.osbuild.fat): umount: /store/tmp/buildroot-tmp-e9dayuc5/mounts/boot/efi unmounted
mount/boot (org.osbuild.xfs): umount: /store/tmp/buildroot-tmp-e9dayuc5/mounts/boot unmounted
mount/- (org.osbuild.xfs): umount: /store/tmp/buildroot-tmp-e9dayuc5/mounts/ unmounted

[0m[1morg.osbuild.mkdir: 87cd9acb063b93f6ec78437ed24d636a1a6068b66b684b02f81698107ef33a0c[0m {
  "paths": [
⏱  Duration: 0.61s
      "path": "/var/home",
    {
      "mode": 493,
      "exist_ok": true
  ]
    }
}
mount/- (org.osbuild.xfs): mounting /dev/loop0p3 -> /store/tmp/buildroot-tmp-x1rvd6qz/mounts/
device/disk (org.osbuild.loopback): loop0 acquired (locked: False)
mount/boot (org.osbuild.xfs): mounting /dev/loop0p2 -> /store/tmp/buildroot-tmp-x1rvd6qz/mounts/boot
mount/boot-efi (org.osbuild.fat): mounting /dev/loop0p1 -> /store/tmp/buildroot-tmp-x1rvd6qz/mounts/boot/efi
mount/ostree.deployment (org.osbuild.ostree.deployment): Deployment root at 'ostree/deploy/default/deploy/abda10463b1dc3390acc78c622520dcdef99374f53c3449441b6bd1e28cefa08.0'
mount/bind-ostree-deployment-to-tree (org.osbuild.bind): umount: /store/stage/uuid-3bb1fd147166441abc8a33649a4e1692/data/tree/sysroot unmounted
mount/bind-ostree-deployment-to-tree (org.osbuild.bind): umount: /store/stage/uuid-3bb1fd147166441abc8a33649a4e1692/data/tree/var unmounted
mount/ostree.deployment (org.osbuild.ostree.deployment): umount: /store/tmp/buildroot-tmp-x1rvd6qz/mounts/sysroot unmounted
mount/bind-ostree-deployment-to-tree (org.osbuild.bind): umount: /store/stage/uuid-3bb1fd147166441abc8a33649a4e1692/data/tree/boot unmounted
mount/bind-ostree-deployment-to-tree (org.osbuild.bind): umount: /store/stage/uuid-3bb1fd147166441abc8a33649a4e1692/data/tree unmounted
mount/ostree.deployment (org.osbuild.ostree.deployment): mounting /store/tmp/buildroot-tmp-x1rvd6qz/mounts/ostree/deploy/default/deploy/abda10463b1dc3390acc78c622520dcdef99374f53c3449441b6bd1e28cefa08.0 -> /store/tmp/buildroot-tmp-x1rvd6qz/mounts
mount/ostree.deployment (org.osbuild.ostree.deployment): umount: /store/tmp/buildroot-tmp-x1rvd6qz/mounts/var unmounted
mount/ostree.deployment (org.osbuild.ostree.deployment): umount: /store/tmp/buildroot-tmp-x1rvd6qz/mounts unmounted
mount/ostree.deployment (org.osbuild.ostree.deployment): umount: /store/tmp/buildroot-tmp-x1rvd6qz/mounts/boot unmounted
mount/ostree.deployment (org.osbuild.ostree.deployment): umount: /store/tmp/buildroot-tmp-x1rvd6qz/mounts unmounted
mount/ostree.deployment (org.osbuild.ostree.deployment): extra unmount /store/tmp/buildroot-tmp-x1rvd6qz/mounts
mount/ostree.deployment (org.osbuild.ostree.deployment): extra unmount /store/tmp/buildroot-tmp-x1rvd6qz/mounts
mount/ostree.deployment (org.osbuild.ostree.deployment): umount: /store/tmp/buildroot-tmp-x1rvd6qz/mounts: target is busy.
mount/ostree.deployment (org.osbuild.ostree.deployment): Traceback (most recent call last):
mount/ostree.deployment (org.osbuild.ostree.deployment):     main()
mount/ostree.deployment (org.osbuild.ostree.deployment):   File "/usr/lib/osbuild/mounts/org.osbuild.ostree.deployment", line 199, in <module>
mount/ostree.deployment (org.osbuild.ostree.deployment):   File "/usr/lib/osbuild/mounts/org.osbuild.ostree.deployment", line 195, in main
mount/ostree.deployment (org.osbuild.ostree.deployment):     service.main()
mount/ostree.deployment (org.osbuild.ostree.deployment):   File "/usr/lib/python3.9/site-packages/osbuild/host.py", line 252, in main
mount/ostree.deployment (org.osbuild.ostree.deployment):   File "/usr/lib/python3.9/site-packages/osbuild/mounts.py", line 127, in stop
mount/ostree.deployment (org.osbuild.ostree.deployment):     self.stop()
mount/ostree.deployment (org.osbuild.ostree.deployment):     subprocess.run(["umount", "-v", self.mountpoint],
mount/ostree.deployment (org.osbuild.ostree.deployment):   File "/usr/lib/osbuild/mounts/org.osbuild.ostree.deployment", line 188, in umount
mount/ostree.deployment (org.osbuild.ostree.deployment):     self.umount()
mount/ostree.deployment (org.osbuild.ostree.deployment):   File "/usr/lib64/python3.9/subprocess.py", line 528, in run
mount/ostree.deployment (org.osbuild.ostree.deployment):     raise CalledProcessError(retcode, process.args,
mount/boot-efi (org.osbuild.fat): umount: /store/tmp/buildroot-tmp-x1rvd6qz/mounts/boot/efi unmounted
mount/ostree.deployment (org.osbuild.ostree.deployment): subprocess.CalledProcessError: Command '['umount', '-v', '/store/tmp/buildroot-tmp-x1rvd6qz/mounts']' returned non-zero exit status 32.
mount/- (org.osbuild.xfs): umount: /store/tmp/buildroot-tmp-x1rvd6qz/mounts/ unmounted
mount/boot (org.osbuild.xfs): umount: /store/tmp/buildroot-tmp-x1rvd6qz/mounts/boot unmounted

⏱  Duration: 0.58s
[0m[1morg.osbuild.users: 9de126f8791880b04240d5d6ef70fa54006266c096e2af260158127a10f6b49a[0m {
    "kiosk-user": {
      "groups": [
  "users": {
    }
      "password": "$6$hmCbM5MS/vVwtrmd$OAADdav/SFxW7FipMOYcRmZEeBVnUpp04vSaoqy.RIZ/ZgqJp1j4Vn9F73dJaMsdJiek6UJqOFdrpF3yk/BHP."
      ],
        "wheel"
}
  }
device/disk (org.osbuild.loopback): loop0 acquired (locked: False)
mount/- (org.osbuild.xfs): mounting /dev/loop0p3 -> /store/tmp/buildroot-tmp-qpwyn99a/mounts/
mount/boot (org.osbuild.xfs): mounting /dev/loop0p2 -> /store/tmp/buildroot-tmp-qpwyn99a/mounts/boot
mount/boot-efi (org.osbuild.fat): mounting /dev/loop0p1 -> /store/tmp/buildroot-tmp-qpwyn99a/mounts/boot/efi
mount/ostree.deployment (org.osbuild.ostree.deployment): Deployment root at 'ostree/deploy/default/deploy/abda10463b1dc3390acc78c622520dcdef99374f53c3449441b6bd1e28cefa08.0'
Creating mailbox file: No such file or directory
mount/bind-ostree-deployment-to-tree (org.osbuild.bind): umount: /store/stage/uuid-3bb1fd147166441abc8a33649a4e1692/data/tree/var unmounted
mount/bind-ostree-deployment-to-tree (org.osbuild.bind): umount: /store/stage/uuid-3bb1fd147166441abc8a33649a4e1692/data/tree/sysroot unmounted
mount/bind-ostree-deployment-to-tree (org.osbuild.bind): umount: /store/stage/uuid-3bb1fd147166441abc8a33649a4e1692/data/tree unmounted
mount/ostree.deployment (org.osbuild.ostree.deployment): mounting /store/tmp/buildroot-tmp-qpwyn99a/mounts/ostree/deploy/default/deploy/abda10463b1dc3390acc78c622520dcdef99374f53c3449441b6bd1e28cefa08.0 -> /store/tmp/buildroot-tmp-qpwyn99a/mounts
mount/bind-ostree-deployment-to-tree (org.osbuild.bind): umount: /store/stage/uuid-3bb1fd147166441abc8a33649a4e1692/data/tree/boot unmounted
mount/ostree.deployment (org.osbuild.ostree.deployment): umount: /store/tmp/buildroot-tmp-qpwyn99a/mounts/sysroot unmounted
mount/ostree.deployment (org.osbuild.ostree.deployment): umount: /store/tmp/buildroot-tmp-qpwyn99a/mounts unmounted
mount/ostree.deployment (org.osbuild.ostree.deployment): umount: /store/tmp/buildroot-tmp-qpwyn99a/mounts/var unmounted
mount/ostree.deployment (org.osbuild.ostree.deployment): umount: /store/tmp/buildroot-tmp-qpwyn99a/mounts/boot unmounted
mount/ostree.deployment (org.osbuild.ostree.deployment): extra unmount /store/tmp/buildroot-tmp-qpwyn99a/mounts
mount/ostree.deployment (org.osbuild.ostree.deployment): umount: /store/tmp/buildroot-tmp-qpwyn99a/mounts unmounted
mount/ostree.deployment (org.osbuild.ostree.deployment): extra unmount /store/tmp/buildroot-tmp-qpwyn99a/mounts
mount/ostree.deployment (org.osbuild.ostree.deployment): umount: /store/tmp/buildroot-tmp-qpwyn99a/mounts: target is busy.
mount/ostree.deployment (org.osbuild.ostree.deployment): Traceback (most recent call last):
mount/ostree.deployment (org.osbuild.ostree.deployment):   File "/usr/lib/osbuild/mounts/org.osbuild.ostree.deployment", line 199, in <module>
mount/ostree.deployment (org.osbuild.ostree.deployment):     main()
mount/ostree.deployment (org.osbuild.ostree.deployment):     service.main()
mount/ostree.deployment (org.osbuild.ostree.deployment):   File "/usr/lib/python3.9/site-packages/osbuild/host.py", line 252, in main
mount/ostree.deployment (org.osbuild.ostree.deployment):   File "/usr/lib/osbuild/mounts/org.osbuild.ostree.deployment", line 195, in main
mount/ostree.deployment (org.osbuild.ostree.deployment):   File "/usr/lib/python3.9/site-packages/osbuild/mounts.py", line 127, in stop
mount/ostree.deployment (org.osbuild.ostree.deployment):     self.stop()
mount/ostree.deployment (org.osbuild.ostree.deployment):   File "/usr/lib/osbuild/mounts/org.osbuild.ostree.deployment", line 188, in umount
mount/ostree.deployment (org.osbuild.ostree.deployment):     self.umount()
mount/ostree.deployment (org.osbuild.ostree.deployment):     subprocess.run(["umount", "-v", self.mountpoint],
mount/ostree.deployment (org.osbuild.ostree.deployment):   File "/usr/lib64/python3.9/subprocess.py", line 528, in run
mount/ostree.deployment (org.osbuild.ostree.deployment):     raise CalledProcessError(retcode, process.args,
mount/ostree.deployment (org.osbuild.ostree.deployment): subprocess.CalledProcessError: Command '['umount', '-v', '/store/tmp/buildroot-tmp-qpwyn99a/mounts']' returned non-zero exit status 32.
mount/boot-efi (org.osbuild.fat): umount: /store/tmp/buildroot-tmp-qpwyn99a/mounts/boot/efi unmounted
mount/boot (org.osbuild.xfs): umount: /store/tmp/buildroot-tmp-qpwyn99a/mounts/boot unmounted
mount/- (org.osbuild.xfs): umount: /store/tmp/buildroot-tmp-qpwyn99a/mounts/ unmounted
⏱  Duration: 0.65s
[0m[1morg.osbuild.selinux: 70a84b5589821d0a9eee311a2b1a613bab2eb34469bd86aeab3a188588594d3c[0m {

  "file_contexts": "etc/selinux/targeted/contexts/files/file_contexts",
  "target": "tree:///etc",
  "exclude_paths": [
  ]
    "/sysroot"
}
device/disk (org.osbuild.loopback): loop0 acquired (locked: False)
mount/- (org.osbuild.xfs): mounting /dev/loop0p3 -> /store/tmp/buildroot-tmp-fj95v8fp/mounts/
mount/boot (org.osbuild.xfs): mounting /dev/loop0p2 -> /store/tmp/buildroot-tmp-fj95v8fp/mounts/boot
mount/boot-efi (org.osbuild.fat): mounting /dev/loop0p1 -> /store/tmp/buildroot-tmp-fj95v8fp/mounts/boot/efi
mount/ostree.deployment (org.osbuild.ostree.deployment): Deployment root at 'ostree/deploy/default/deploy/abda10463b1dc3390acc78c622520dcdef99374f53c3449441b6bd1e28cefa08.0'
Can't stat exclude path "/run/osbuild/tree/etc/sysroot", No such file or directory - ignoring.
mount/bind-ostree-deployment-to-tree (org.osbuild.bind): umount: /store/stage/uuid-3bb1fd147166441abc8a33649a4e1692/data/tree/boot unmounted
mount/bind-ostree-deployment-to-tree (org.osbuild.bind): umount: /store/stage/uuid-3bb1fd147166441abc8a33649a4e1692/data/tree/sysroot unmounted
mount/bind-ostree-deployment-to-tree (org.osbuild.bind): umount: /store/stage/uuid-3bb1fd147166441abc8a33649a4e1692/data/tree/var unmounted
mount/bind-ostree-deployment-to-tree (org.osbuild.bind): umount: /store/stage/uuid-3bb1fd147166441abc8a33649a4e1692/data/tree unmounted
mount/ostree.deployment (org.osbuild.ostree.deployment): mounting /store/tmp/buildroot-tmp-fj95v8fp/mounts/ostree/deploy/default/deploy/abda10463b1dc3390acc78c622520dcdef99374f53c3449441b6bd1e28cefa08.0 -> /store/tmp/buildroot-tmp-fj95v8fp/mounts
mount/ostree.deployment (org.osbuild.ostree.deployment): umount: /store/tmp/buildroot-tmp-fj95v8fp/mounts/sysroot unmounted
mount/ostree.deployment (org.osbuild.ostree.deployment): umount: /store/tmp/buildroot-tmp-fj95v8fp/mounts/var unmounted
mount/ostree.deployment (org.osbuild.ostree.deployment): umount: /store/tmp/buildroot-tmp-fj95v8fp/mounts unmounted
mount/ostree.deployment (org.osbuild.ostree.deployment): umount: /store/tmp/buildroot-tmp-fj95v8fp/mounts/boot unmounted
mount/ostree.deployment (org.osbuild.ostree.deployment): extra unmount /store/tmp/buildroot-tmp-fj95v8fp/mounts
mount/ostree.deployment (org.osbuild.ostree.deployment): umount: /store/tmp/buildroot-tmp-fj95v8fp/mounts unmounted
mount/ostree.deployment (org.osbuild.ostree.deployment): extra unmount /store/tmp/buildroot-tmp-fj95v8fp/mounts
mount/ostree.deployment (org.osbuild.ostree.deployment): umount: /store/tmp/buildroot-tmp-fj95v8fp/mounts: target is busy.
mount/ostree.deployment (org.osbuild.ostree.deployment): Traceback (most recent call last):
mount/ostree.deployment (org.osbuild.ostree.deployment):   File "/usr/lib/osbuild/mounts/org.osbuild.ostree.deployment", line 199, in <module>
mount/ostree.deployment (org.osbuild.ostree.deployment):     main()
mount/ostree.deployment (org.osbuild.ostree.deployment):   File "/usr/lib/osbuild/mounts/org.osbuild.ostree.deployment", line 195, in main
mount/ostree.deployment (org.osbuild.ostree.deployment):     service.main()
mount/ostree.deployment (org.osbuild.ostree.deployment):   File "/usr/lib/python3.9/site-packages/osbuild/host.py", line 252, in main
mount/ostree.deployment (org.osbuild.ostree.deployment):     self.stop()
mount/ostree.deployment (org.osbuild.ostree.deployment):   File "/usr/lib/python3.9/site-packages/osbuild/mounts.py", line 127, in stop
mount/ostree.deployment (org.osbuild.ostree.deployment):   File "/usr/lib/osbuild/mounts/org.osbuild.ostree.deployment", line 188, in umount
mount/ostree.deployment (org.osbuild.ostree.deployment):     self.umount()
mount/ostree.deployment (org.osbuild.ostree.deployment):     subprocess.run(["umount", "-v", self.mountpoint],
mount/ostree.deployment (org.osbuild.ostree.deployment):   File "/usr/lib64/python3.9/subprocess.py", line 528, in run
mount/ostree.deployment (org.osbuild.ostree.deployment):     raise CalledProcessError(retcode, process.args,
mount/ostree.deployment (org.osbuild.ostree.deployment): subprocess.CalledProcessError: Command '['umount', '-v', '/store/tmp/buildroot-tmp-fj95v8fp/mounts']' returned non-zero exit status 32.
mount/boot-efi (org.osbuild.fat): umount: /store/tmp/buildroot-tmp-fj95v8fp/mounts/boot/efi unmounted
mount/boot (org.osbuild.xfs): umount: /store/tmp/buildroot-tmp-fj95v8fp/mounts/boot unmounted

⏱  Duration: 0.74s
[0m[1morg.osbuild.selinux: 4a06a5f050c6d564b3de29d4f648a8edfd9698777c384beae84f761061a2f91f[0m {
mount/- (org.osbuild.xfs): umount: /store/tmp/buildroot-tmp-fj95v8fp/mounts/ unmounted
  "target": "tree:///var",
  "file_contexts": "etc/selinux/targeted/contexts/files/file_contexts",
  "exclude_paths": [
    "/sysroot"
  ]
}
mount/- (org.osbuild.xfs): mounting /dev/loop0p3 -> /store/tmp/buildroot-tmp-ie6vauoy/mounts/
device/disk (org.osbuild.loopback): loop0 acquired (locked: False)
mount/ostree.deployment (org.osbuild.ostree.deployment): Deployment root at 'ostree/deploy/default/deploy/abda10463b1dc3390acc78c622520dcdef99374f53c3449441b6bd1e28cefa08.0'
mount/boot (org.osbuild.xfs): mounting /dev/loop0p2 -> /store/tmp/buildroot-tmp-ie6vauoy/mounts/boot
mount/boot-efi (org.osbuild.fat): mounting /dev/loop0p1 -> /store/tmp/buildroot-tmp-ie6vauoy/mounts/boot/efi
Can't stat exclude path "/run/osbuild/tree/var/sysroot", No such file or directory - ignoring.
mount/bind-ostree-deployment-to-tree (org.osbuild.bind): umount: /store/stage/uuid-3bb1fd147166441abc8a33649a4e1692/data/tree/sysroot unmounted
mount/bind-ostree-deployment-to-tree (org.osbuild.bind): umount: /store/stage/uuid-3bb1fd147166441abc8a33649a4e1692/data/tree unmounted
mount/ostree.deployment (org.osbuild.ostree.deployment): umount: /store/tmp/buildroot-tmp-ie6vauoy/mounts/var unmounted
mount/ostree.deployment (org.osbuild.ostree.deployment): mounting /store/tmp/buildroot-tmp-ie6vauoy/mounts/ostree/deploy/default/deploy/abda10463b1dc3390acc78c622520dcdef99374f53c3449441b6bd1e28cefa08.0 -> /store/tmp/buildroot-tmp-ie6vauoy/mounts
mount/ostree.deployment (org.osbuild.ostree.deployment): umount: /store/tmp/buildroot-tmp-ie6vauoy/mounts/sysroot unmounted
mount/bind-ostree-deployment-to-tree (org.osbuild.bind): umount: /store/stage/uuid-3bb1fd147166441abc8a33649a4e1692/data/tree/boot unmounted
mount/bind-ostree-deployment-to-tree (org.osbuild.bind): umount: /store/stage/uuid-3bb1fd147166441abc8a33649a4e1692/data/tree/var unmounted
mount/ostree.deployment (org.osbuild.ostree.deployment): umount: /store/tmp/buildroot-tmp-ie6vauoy/mounts unmounted
mount/ostree.deployment (org.osbuild.ostree.deployment): extra unmount /store/tmp/buildroot-tmp-ie6vauoy/mounts
mount/ostree.deployment (org.osbuild.ostree.deployment): umount: /store/tmp/buildroot-tmp-ie6vauoy/mounts unmounted
mount/ostree.deployment (org.osbuild.ostree.deployment): umount: /store/tmp/buildroot-tmp-ie6vauoy/mounts/boot unmounted
mount/ostree.deployment (org.osbuild.ostree.deployment): extra unmount /store/tmp/buildroot-tmp-ie6vauoy/mounts
mount/ostree.deployment (org.osbuild.ostree.deployment): umount: /store/tmp/buildroot-tmp-ie6vauoy/mounts: target is busy.
mount/ostree.deployment (org.osbuild.ostree.deployment): Traceback (most recent call last):
mount/ostree.deployment (org.osbuild.ostree.deployment):     main()
mount/ostree.deployment (org.osbuild.ostree.deployment):   File "/usr/lib/osbuild/mounts/org.osbuild.ostree.deployment", line 195, in main
mount/ostree.deployment (org.osbuild.ostree.deployment):   File "/usr/lib/osbuild/mounts/org.osbuild.ostree.deployment", line 199, in <module>
mount/ostree.deployment (org.osbuild.ostree.deployment):   File "/usr/lib/python3.9/site-packages/osbuild/host.py", line 252, in main
mount/ostree.deployment (org.osbuild.ostree.deployment):     service.main()
mount/ostree.deployment (org.osbuild.ostree.deployment):     self.stop()
mount/ostree.deployment (org.osbuild.ostree.deployment):     self.umount()
mount/ostree.deployment (org.osbuild.ostree.deployment):   File "/usr/lib/python3.9/site-packages/osbuild/mounts.py", line 127, in stop
mount/ostree.deployment (org.osbuild.ostree.deployment):   File "/usr/lib/osbuild/mounts/org.osbuild.ostree.deployment", line 188, in umount
mount/ostree.deployment (org.osbuild.ostree.deployment):     subprocess.run(["umount", "-v", self.mountpoint],
mount/ostree.deployment (org.osbuild.ostree.deployment):     raise CalledProcessError(retcode, process.args,
mount/ostree.deployment (org.osbuild.ostree.deployment):   File "/usr/lib64/python3.9/subprocess.py", line 528, in run
mount/ostree.deployment (org.osbuild.ostree.deployment): subprocess.CalledProcessError: Command '['umount', '-v', '/store/tmp/buildroot-tmp-ie6vauoy/mounts']' returned non-zero exit status 32.
mount/boot (org.osbuild.xfs): umount: /store/tmp/buildroot-tmp-ie6vauoy/mounts/boot unmounted
mount/boot-efi (org.osbuild.fat): umount: /store/tmp/buildroot-tmp-ie6vauoy/mounts/boot/efi unmounted
⏱  Duration: 0.63s
mount/- (org.osbuild.xfs): umount: /store/tmp/buildroot-tmp-ie6vauoy/mounts/ unmounted

[0m[1mPipeline qcow2: 91abf1fd331175d0ab56f6cf6e2144ce5960a4900785804de5842e83cf901ccc[0m
Build
  root: <host>
  runner: org.osbuild.rhel82 (org.osbuild.rhel82)
[0m[1morg.osbuild.qemu: 91abf1fd331175d0ab56f6cf6e2144ce5960a4900785804de5842e83cf901ccc[0m {
  "filename": "disk.qcow2",
  "format": {
    "type": "qcow2",
    "compat": "1.1"
}
  }
qemu-img coroutines: 1

manifest - finished successfully
⏱  Duration: 145.35s
image:    	4a06a5f050c6d564b3de29d4f648a8edfd9698777c384beae84f761061a2f91f
build:    	424dc8ca52a7581cc018c82fbbd5cb3a5d6b6081be181565a463ed072dc0931c
vmdk:     	f29fe1dcfd659653d02ac04ef8884dc34786beb265237c630edbf9d1fffa593a
qcow2:    	91abf1fd331175d0ab56f6cf6e2144ce5960a4900785804de5842e83cf901ccc
vpc:      	78e4b53bf703a089d39cc289b1648325557a89d1ff59e74057702866a4f09827
ovf:      	4d71ea8a53116d915b19f9c8e5c90c7c89ae40cc4464b739a7c280c1aa25bdb6
archive:  	1fc053c53c5c99265ad2dcf3a0221544db836a1669064d489d8257ab20a6fb21
gce:      	0fee3a6330a0aa969e680972008248b8767fca31921927dff162fbd56d7686a3
Build complete!
Results saved in /output/
